[debug] [2023-10-23T20:11:50.995Z] ----------------------------------------------------------------------
[debug] [2023-10-23T20:11:50.998Z] Command:       C:\Program Files\nodejs\node.exe C:\Users\HP\AppData\Roaming\npm\node_modules\firebase-tools\lib\bin\firebase.js init
[debug] [2023-10-23T20:11:50.999Z] CLI Version:   12.7.0
[debug] [2023-10-23T20:11:51.000Z] Platform:      win32
[debug] [2023-10-23T20:11:51.000Z] Node Version:  v16.17.1
[debug] [2023-10-23T20:11:51.002Z] Time:          Tue Oct 24 2023 01:41:51 GMT+0530 (India Standard Time)
[debug] [2023-10-23T20:11:51.002Z] ----------------------------------------------------------------------
[debug] 
[debug] [2023-10-23T20:11:51.010Z] >>> [apiv2][query] GET https://firebase-public.firebaseio.com/cli.json [none]
[debug] [2023-10-23T20:11:51.060Z] > command requires scopes: ["email","openid","https://www.googleapis.com/auth/cloudplatformprojects.readonly","https://www.googleapis.com/auth/firebase","https://www.googleapis.com/auth/cloud-platform"]
[debug] [2023-10-23T20:11:51.061Z] > authorizing via signed-in user (tusharmishra7777777@gmail.com)
[info] 
     ######## #### ########  ######## ########     ###     ######  ########
     ##        ##  ##     ## ##       ##     ##  ##   ##  ##       ##
     ######    ##  ########  ######   ########  #########  ######  ######
     ##        ##  ##    ##  ##       ##     ## ##     ##       ## ##
     ##       #### ##     ## ######## ########  ##     ##  ######  ########

You're about to initialize a Firebase project in this directory:

  C:\Users\HP\OneDrive\Desktop\projects\expense-app

[debug] [2023-10-23T20:11:51.753Z] <<< [apiv2][status] GET https://firebase-public.firebaseio.com/cli.json 200
[debug] [2023-10-23T20:11:51.754Z] <<< [apiv2][body] GET https://firebase-public.firebaseio.com/cli.json {"cloudBuildErrorAfter":1594252800000,"cloudBuildWarnAfter":1590019200000,"defaultNode10After":1594252800000,"minVersion":"3.0.5","node8DeploysDisabledAfter":1613390400000,"node8RuntimeDisabledAfter":1615809600000,"node8WarnAfter":1600128000000}
